<?xml version="1.0" encoding="UTF-8"?>
<!-- Generated by org.testng.reporters.JUnitReportReporter -->
<testsuite hostname="DESKTOP-IB8VU3R" failures="0" tests="1" name="practice.diff_waystocreatepost_request" time="4.376" errors="0" timestamp="2024-10-14T17:23:17 IST" skipped="0">
  <testcase classname="practice.diff_waystocreatepost_request" name="deleteuser1" time="4.376"/>
</testsuite> <!-- practice.diff_waystocreatepost_request -->
