<?xml version="1.0" encoding="UTF-8"?>
<!-- Generated by org.testng.reporters.JUnitReportReporter -->
<testsuite hostname="DESKTOP-IB8VU3R" failures="0" tests="1" name="practice.jsonparse_tovalidate_Responce" time="3.657" errors="0" timestamp="2024-10-19T12:31:17 IST" skipped="0">
  <testcase classname="practice.jsonparse_tovalidate_Responce" name="parsingJsonresponcedata1" time="3.657"/>
</testsuite> <!-- practice.jsonparse_tovalidate_Responce -->
