<?xml version="1.0" encoding="UTF-8"?>
<!-- Generated by org.testng.reporters.JUnitReportReporter -->
<testsuite hostname="DESKTOP-IB8VU3R" failures="0" tests="1" name="Api_Channing.update_user" time="1.848" errors="0" timestamp="2024-10-27T12:00:09 IST" skipped="0">
  <testcase classname="Api_Channing.update_user" name="test_updateuser" time="1.848"/>
</testsuite> <!-- Api_Channing.update_user -->
