<?xml version="1.0" encoding="UTF-8"?>
<!-- Generated by org.testng.reporters.JUnitReportReporter -->
<testsuite hostname="DESKTOP-IB8VU3R" failures="0" tests="4" name="practice.demo1" time="9.254" errors="0" timestamp="2024-10-14T13:39:43 IST" skipped="0">
  <testcase classname="practice.demo1" name="getuser" time="6.652"/>
  <testcase classname="practice.demo1" name="createuser" time="1.556"/>
  <testcase classname="practice.demo1" name="updateuser" time="0.572"/>
  <testcase classname="practice.demo1" name="Deleteuser" time="0.474"/>
</testsuite> <!-- practice.demo1 -->
