<?xml version="1.0" encoding="UTF-8"?>
<!-- Generated by org.testng.reporters.JUnitReportReporter -->
<testsuite hostname="DESKTOP-IB8VU3R" failures="0" tests="1" name="Api_Channing.delete_user" time="1.636" errors="0" timestamp="2024-10-27T12:00:09 IST" skipped="0">
  <testcase classname="Api_Channing.delete_user" name="test_deleteuser" time="1.636"/>
</testsuite> <!-- Api_Channing.delete_user -->
